# JRE version: OpenJDK Runtime Environment (11.0.10) (build 11.0.10+0-b96-7249189)
# Java VM: OpenJDK 64-Bit Server VM (11.0.10+0-b96-7249189, mixed mode, tiered, compressed oops, g1 gc, windows-amd64)
Heap:
 garbage-first heap   total 1041408K, used 186367K [0x0000000080000000, 0x0000000100000000)
  region size 1024K, 2 young (2048K), 2 survivors (2048K)
 Metaspace       used 138311K, capacity 142105K, committed 142336K, reserved 1173504K
  class space    used 17240K, capacity 18624K, committed 18688K, reserved 1048576K
GC Heap History (20 events):
Event: 3510.247 GC heap after
{Heap after GC invocations=242 (full 0):
 garbage-first heap   total 440320K, used 150487K [0x0000000080000000, 0x0000000100000000)
  region size 1024K, 2 young (2048K), 2 survivors (2048K)
 Metaspace       used 133475K, capacity 137045K, committed 137216K, reserved 1169408K
  class space    used 16631K, capacity 17899K, committed 17920K, reserved 1048576K
}
Event: 3530.450 GC heap before
{Heap before GC invocations=242 (full 0):
 garbage-first heap   total 440320K, used 169943K [0x0000000080000000, 0x0000000100000000)
  region size 1024K, 21 young (21504K), 2 survivors (2048K)
 Metaspace       used 136568K, capacity 140348K, committed 140416K, reserved 1171456K
  class space    used 17140K, capacity 18509K, committed 18560K, reserved 1048576K
}
Event: 3530.663 GC heap after
{Heap after GC invocations=243 (full 0):
 garbage-first heap   total 440320K, used 151347K [0x0000000080000000, 0x0000000100000000)
  region size 1024K, 3 young (3072K), 3 survivors (3072K)
 Metaspace       used 136568K, capacity 140348K, committed 140416K, reserved 1171456K
  class space    used 17140K, capacity 18509K, committed 18560K, reserved 1048576K
}
Event: 3533.088 GC heap before
{Heap before GC invocations=243 (full 0):
 garbage-first heap   total 440320K, used 169779K [0x0000000080000000, 0x0000000100000000)
  region size 1024K, 21 young (21504K), 3 survivors (3072K)
 Metaspace       used 137200K, capacity 140953K, committed 141184K, reserved 1171456K
  class space    used 17173K, capacity 18555K, committed 18560K, reserved 1048576K
}
Event: 3533.757 GC heap after
{Heap after GC invocations=244 (full 0):
 garbage-first heap   total 440320K, used 151532K [0x0000000080000000, 0x0000000100000000)
  region size 1024K, 2 young (2048K), 2 survivors (2048K)
 Metaspace       used 137200K, capacity 140953K, committed 141184K, reserved 1171456K
  class space    used 17173K, capacity 18555K, committed 18560K, reserved 1048576K
}
Event: 3536.604 GC heap before
{Heap before GC invocations=244 (full 0):
 garbage-first heap   total 440320K, used 172012K [0x0000000080000000, 0x0000000100000000)
  region size 1024K, 21 young (21504K), 2 survivors (2048K)
 Metaspace       used 137394K, capacity 141169K, committed 141184K, reserved 1171456K
  class space    used 17178K, capacity 18560K, committed 18560K, reserved 1048576K
}
Event: 3537.215 GC heap after
{Heap after GC invocations=245 (full 0):
 garbage-first heap   total 440320K, used 155379K [0x0000000080000000, 0x0000000100000000)
  region size 1024K, 3 young (3072K), 3 survivors (3072K)
 Metaspace       used 137394K, capacity 141169K, committed 141184K, reserved 1171456K
  class space    used 17178K, capacity 18560K, committed 18560K, reserved 1048576K
}
Event: 3539.821 GC heap before
{Heap before GC invocations=245 (full 0):
 garbage-first heap   total 440320K, used 172787K [0x0000000080000000, 0x0000000100000000)
  region size 1024K, 21 young (21504K), 3 survivors (3072K)
 Metaspace       used 137480K, capacity 141240K, committed 141568K, reserved 1171456K
  class space    used 17179K, capacity 18561K, committed 18688K, reserved 1048576K
}
Event: 3541.831 GC heap after
{Heap after GC invocations=246 (full 0):
 garbage-first heap   total 440320K, used 158756K [0x0000000080000000, 0x0000000100000000)
  region size 1024K, 3 young (3072K), 3 survivors (3072K)
 Metaspace       used 137480K, capacity 141240K, committed 141568K, reserved 1171456K
  class space    used 17179K, capacity 18561K, committed 18688K, reserved 1048576K
}
Event: 3541.967 GC heap before
{Heap before GC invocations=246 (full 0):
 garbage-first heap   total 440320K, used 176164K [0x0000000080000000, 0x0000000100000000)
  region size 1024K, 21 young (21504K), 3 survivors (3072K)
 Metaspace       used 137480K, capacity 141240K, committed 141568K, reserved 1171456K
  class space    used 17179K, capacity 18561K, committed 18688K, reserved 1048576K
}
Event: 3543.103 GC heap after
{Heap after GC invocations=247 (full 0):
 garbage-first heap   total 440320K, used 161255K [0x0000000080000000, 0x0000000100000000)
  region size 1024K, 3 young (3072K), 3 survivors (3072K)
 Metaspace       used 137480K, capacity 141240K, committed 141568K, reserved 1171456K
  class space    used 17179K, capacity 18561K, committed 18688K, reserved 1048576K
}
Event: 3543.439 GC heap before
{Heap before GC invocations=247 (full 0):
 garbage-first heap   total 440320K, used 179687K [0x0000000080000000, 0x0000000100000000)
  region size 1024K, 21 young (21504K), 3 survivors (3072K)
 Metaspace       used 137594K, capacity 141377K, committed 141568K, reserved 1171456K
  class space    used 17179K, capacity 18561K, committed 18688K, reserved 1048576K
}
Event: 3544.804 GC heap after
{Heap after GC invocations=248 (full 0):
 garbage-first heap   total 603136K, used 165736K [0x0000000080000000, 0x0000000100000000)
  region size 1024K, 3 young (3072K), 3 survivors (3072K)
 Metaspace       used 137594K, capacity 141377K, committed 141568K, reserved 1171456K
  class space    used 17179K, capacity 18561K, committed 18688K, reserved 1048576K
}
Event: 3545.743 GC heap before
{Heap before GC invocations=248 (full 0):
 garbage-first heap   total 603136K, used 192360K [0x0000000080000000, 0x0000000100000000)
  region size 1024K, 29 young (29696K), 3 survivors (3072K)
 Metaspace       used 137711K, capacity 141460K, committed 141824K, reserved 1173504K
  class space    used 17185K, capacity 18561K, committed 18688K, reserved 1048576K
}
Event: 3547.269 GC heap after
{Heap after GC invocations=249 (full 0):
 garbage-first heap   total 603136K, used 171007K [0x0000000080000000, 0x0000000100000000)
  region size 1024K, 4 young (4096K), 4 survivors (4096K)
 Metaspace       used 137711K, capacity 141460K, committed 141824K, reserved 1173504K
  class space    used 17185K, capacity 18561K, committed 18688K, reserved 1048576K
}
Event: 3547.519 GC heap before
{Heap before GC invocations=249 (full 0):
 garbage-first heap   total 603136K, used 195583K [0x0000000080000000, 0x0000000100000000)
  region size 1024K, 29 young (29696K), 4 survivors (4096K)
 Metaspace       used 137716K, capacity 141460K, committed 141824K, reserved 1173504K
  class space    used 17185K, capacity 18561K, committed 18688K, reserved 1048576K
}
Event: 3550.311 GC heap after
{Heap after GC invocations=250 (full 0):
 garbage-first heap   total 603136K, used 176911K [0x0000000080000000, 0x0000000100000000)
  region size 1024K, 4 young (4096K), 4 survivors (4096K)
 Metaspace       used 137716K, capacity 141460K, committed 141824K, reserved 1173504K
  class space    used 17185K, capacity 18561K, committed 18688K, reserved 1048576K
}
Event: 3550.652 GC heap before
{Heap before GC invocations=250 (full 0):
 garbage-first heap   total 603136K, used 202511K [0x0000000080000000, 0x0000000100000000)
  region size 1024K, 29 young (29696K), 4 survivors (4096K)
 Metaspace       used 137718K, capacity 141460K, committed 141824K, reserved 1173504K
  class space    used 17185K, capacity 18561K, committed 18688K, reserved 1048576K
}
Event: 3555.821 GC heap after
{Heap after GC invocations=251 (full 0):
 garbage-first heap   total 603136K, used 184319K [0x0000000080000000, 0x0000000100000000)
  region size 1024K, 4 young (4096K), 4 survivors (4096K)
 Metaspace       used 137718K, capacity 141460K, committed 141824K, reserved 1173504K
  class space    used 17185K, capacity 18561K, committed 18688K, reserved 1048576K
}
Event: 3558.338 GC heap before
{Heap before GC invocations=251 (full 0):
 garbage-first heap   total 603136K, used 208895K [0x0000000080000000, 0x0000000100000000)
  region size 1024K, 29 young (29696K), 4 survivors (4096K)
 Metaspace       used 138311K, capacity 142105K, committed 142336K, reserved 1173504K
  class space    used 17240K, capacity 18624K, committed 18688K, reserved 1048576K
}

